<?xml version="1.0" encoding="UTF-8"?>
<testsuite name="com.example.healthcare.ExampleUnitTest" tests="1" skipped="0" failures="0" errors="0" timestamp="2023-05-19T09:55:09" hostname="SHIVA_CHARAN" time="0.003">
  <properties/>
  <testcase name="addition_isCorrect" classname="com.example.healthcare.ExampleUnitTest" time="0.003"/>
  <system-out><![CDATA[]]></system-out>
  <system-err><![CDATA[]]></system-err>
</testsuite>
